#! /c/Source/iverilog-install/bin/vvp
:ivl_version "12.0 (devel)" "(s20150603-1539-g2693dd32b)";
:ivl_delay_selection "TYPICAL";
:vpi_time_precision + 0;
:vpi_module "C:\iverilog\lib\ivl\system.vpi";
:vpi_module "C:\iverilog\lib\ivl\vhdl_sys.vpi";
:vpi_module "C:\iverilog\lib\ivl\vhdl_textio.vpi";
:vpi_module "C:\iverilog\lib\ivl\v2005_math.vpi";
:vpi_module "C:\iverilog\lib\ivl\va_math.vpi";
:vpi_module "C:\iverilog\lib\ivl\v2009.vpi";
S_000001f4749a6790 .scope package, "$unit" "$unit" 2 1;
 .timescale 0 0;
S_000001f4749a6920 .scope module, "sum1bcc" "sum1bcc" 3 1;
 .timescale 0 0;
    .port_info 0 /INPUT 1 "A";
    .port_info 1 /INPUT 1 "B";
    .port_info 2 /INPUT 1 "Ci";
    .port_info 3 /OUTPUT 1 "Cout";
    .port_info 4 /OUTPUT 1 "S";
o000001f4748d6fa8 .functor BUFZ 1, C4<z>; HiZ drive
v000001f4749a97f0_0 .net "A", 0 0, o000001f4748d6fa8;  0 drivers
o000001f4748d6fd8 .functor BUFZ 1, C4<z>; HiZ drive
v000001f4749a6ab0_0 .net "B", 0 0, o000001f4748d6fd8;  0 drivers
o000001f4748d7008 .functor BUFZ 1, C4<z>; HiZ drive
v000001f4749a6b50_0 .net "Ci", 0 0, o000001f4748d7008;  0 drivers
v000001f4749ae710_0 .net "Cout", 0 0, L_000001f4749ae990;  1 drivers
v000001f4749ae7b0_0 .net "S", 0 0, L_000001f4749ae8f0;  1 drivers
v000001f4749ae850_0 .var "st", 1 0;
E_000001f4749a9570 .event anyedge, v000001f4749a97f0_0, v000001f4749a6ab0_0, v000001f4749a6b50_0;
L_000001f4749ae8f0 .part v000001f4749ae850_0, 0, 1;
L_000001f4749ae990 .part v000001f4749ae850_0, 1, 1;
    .scope S_000001f4749a6920;
T_0 ;
    %wait E_000001f4749a9570;
    %load/vec4 v000001f4749a97f0_0;
    %pad/u 2;
    %load/vec4 v000001f4749a6ab0_0;
    %pad/u 2;
    %add;
    %load/vec4 v000001f4749a6b50_0;
    %pad/u 2;
    %add;
    %store/vec4 v000001f4749ae850_0, 0, 2;
    %jmp T_0;
    .thread T_0, $push;
# The file index is used to find the file name in the following table.
:file_names 4;
    "N/A";
    "<interactive>";
    "-";
    "src\sum1bcc.v";
