#! /c/Source/iverilog-install/bin/vvp
:ivl_version "12.0 (devel)" "(s20150603-1539-g2693dd32b)";
:ivl_delay_selection "TYPICAL";
:vpi_time_precision - 9;
:vpi_module "C:\iverilog\lib\ivl\system.vpi";
:vpi_module "C:\iverilog\lib\ivl\vhdl_sys.vpi";
:vpi_module "C:\iverilog\lib\ivl\vhdl_textio.vpi";
:vpi_module "C:\iverilog\lib\ivl\v2005_math.vpi";
:vpi_module "C:\iverilog\lib\ivl\va_math.vpi";
:vpi_module "C:\iverilog\lib\ivl\v2009.vpi";
S_000002600d50b280 .scope package, "$unit" "$unit" 2 1;
 .timescale 0 0;
S_000002600d5c6890 .scope module, "sum1bcc_primitive_TB" "sum1bcc_primitive_TB" 3 3;
 .timescale -9 -9;
v000002600d5c4840_0 .var "c", 0 0;
v000002600d5c48e0_0 .net "out", 0 0, L_000002600d50a010;  1 drivers
v000002600d5c4980_0 .var "x", 0 0;
v000002600d60d820_0 .var "y", 0 0;
v000002600d60da50_0 .net "z", 0 0, L_000002600d509d00;  1 drivers
S_000002600d5c6a20 .scope begin, "TEST_CASE" "TEST_CASE" 3 29, 3 29 0, S_000002600d5c6890;
 .timescale -9 -9;
S_000002600d506790 .scope module, "uut" "sum1bcc_primitive" 3 12, 4 1 0, S_000002600d5c6890;
 .timescale 0 0;
    .port_info 0 /INPUT 1 "A";
    .port_info 1 /INPUT 1 "B";
    .port_info 2 /INPUT 1 "Ci";
    .port_info 3 /OUTPUT 1 "Cout";
    .port_info 4 /OUTPUT 1 "S";
L_000002600d509d70 .functor AND 1, v000002600d5c4980_0, v000002600d60d820_0, C4<1>, C4<1>;
L_000002600d509c90 .functor XOR 1, v000002600d5c4980_0, v000002600d60d820_0, C4<0>, C4<0>;
L_000002600d509d00 .functor XOR 1, L_000002600d509c90, v000002600d5c4840_0, C4<0>, C4<0>;
L_000002600d509de0 .functor AND 1, L_000002600d509c90, v000002600d5c4840_0, C4<1>, C4<1>;
L_000002600d50a010 .functor OR 1, L_000002600d509de0, L_000002600d509d70, C4<0>, C4<0>;
v000002600d5c6bb0_0 .net "A", 0 0, v000002600d5c4980_0;  1 drivers
v000002600d5c6c50_0 .net "B", 0 0, v000002600d60d820_0;  1 drivers
v000002600d506920_0 .net "Ci", 0 0, v000002600d5c4840_0;  1 drivers
v000002600d5069c0_0 .net "Cout", 0 0, L_000002600d50a010;  alias, 1 drivers
v000002600d506a60_0 .net "S", 0 0, L_000002600d509d00;  alias, 1 drivers
v000002600d506b00_0 .net "a_ab", 0 0, L_000002600d509d70;  1 drivers
v000002600d5c4700_0 .net "cout_t", 0 0, L_000002600d509de0;  1 drivers
v000002600d5c47a0_0 .net "x_ab", 0 0, L_000002600d509c90;  1 drivers
    .scope S_000002600d5c6890;
T_0 ;
    %pushi/vec4 0, 0, 1;
    %store/vec4 v000002600d5c4980_0, 0, 1;
    %pushi/vec4 0, 0, 1;
    %store/vec4 v000002600d60d820_0, 0, 1;
    %pushi/vec4 0, 0, 1;
    %store/vec4 v000002600d5c4840_0, 0, 1;
    %delay 3, 0;
    %pushi/vec4 0, 0, 1;
    %store/vec4 v000002600d5c4980_0, 0, 1;
    %pushi/vec4 0, 0, 1;
    %store/vec4 v000002600d60d820_0, 0, 1;
    %pushi/vec4 1, 0, 1;
    %store/vec4 v000002600d5c4840_0, 0, 1;
    %delay 3, 0;
    %pushi/vec4 0, 0, 1;
    %store/vec4 v000002600d5c4980_0, 0, 1;
    %pushi/vec4 1, 0, 1;
    %store/vec4 v000002600d60d820_0, 0, 1;
    %pushi/vec4 0, 0, 1;
    %store/vec4 v000002600d5c4840_0, 0, 1;
    %delay 3, 0;
    %pushi/vec4 0, 0, 1;
    %store/vec4 v000002600d5c4980_0, 0, 1;
    %pushi/vec4 1, 0, 1;
    %store/vec4 v000002600d60d820_0, 0, 1;
    %pushi/vec4 1, 0, 1;
    %store/vec4 v000002600d5c4840_0, 0, 1;
    %delay 3, 0;
    %pushi/vec4 1, 0, 1;
    %store/vec4 v000002600d5c4980_0, 0, 1;
    %pushi/vec4 0, 0, 1;
    %store/vec4 v000002600d60d820_0, 0, 1;
    %pushi/vec4 0, 0, 1;
    %store/vec4 v000002600d5c4840_0, 0, 1;
    %delay 3, 0;
    %pushi/vec4 1, 0, 1;
    %store/vec4 v000002600d5c4980_0, 0, 1;
    %pushi/vec4 0, 0, 1;
    %store/vec4 v000002600d60d820_0, 0, 1;
    %pushi/vec4 1, 0, 1;
    %store/vec4 v000002600d5c4840_0, 0, 1;
    %delay 3, 0;
    %pushi/vec4 1, 0, 1;
    %store/vec4 v000002600d5c4980_0, 0, 1;
    %pushi/vec4 1, 0, 1;
    %store/vec4 v000002600d60d820_0, 0, 1;
    %pushi/vec4 0, 0, 1;
    %store/vec4 v000002600d5c4840_0, 0, 1;
    %delay 3, 0;
    %pushi/vec4 1, 0, 1;
    %store/vec4 v000002600d5c4980_0, 0, 1;
    %pushi/vec4 1, 0, 1;
    %store/vec4 v000002600d60d820_0, 0, 1;
    %pushi/vec4 1, 0, 1;
    %store/vec4 v000002600d5c4840_0, 0, 1;
    %delay 3, 0;
    %end;
    .thread T_0;
    .scope S_000002600d5c6890;
T_1 ;
    %fork t_1, S_000002600d5c6a20;
    %jmp t_0;
    .scope S_000002600d5c6a20;
t_1 ;
    %vpi_call/w 3 30 "$dumpfile", "sum1bcc_primitive_TB.vcd" {0 0 0};
    %vpi_call/w 3 31 "$dumpvars", 32'sb11111111111111111111111111111111, S_000002600d506790 {0 0 0};
    %delay 200, 0;
    %vpi_call/w 3 32 "$finish" {0 0 0};
    %end;
    .scope S_000002600d5c6890;
t_0 %join;
    %end;
    .thread T_1;
# The file index is used to find the file name in the following table.
:file_names 5;
    "N/A";
    "<interactive>";
    "-";
    "src\sum1bcc_primitive_TB.v";
    "./src/sum1bcc_primitive.v";
