#! /c/Source/iverilog-install/bin/vvp
:ivl_version "12.0 (devel)" "(s20150603-1539-g2693dd32b)";
:ivl_delay_selection "TYPICAL";
:vpi_time_precision - 9;
:vpi_module "C:\iverilog\lib\ivl\system.vpi";
:vpi_module "C:\iverilog\lib\ivl\vhdl_sys.vpi";
:vpi_module "C:\iverilog\lib\ivl\vhdl_textio.vpi";
:vpi_module "C:\iverilog\lib\ivl\v2005_math.vpi";
:vpi_module "C:\iverilog\lib\ivl\va_math.vpi";
:vpi_module "C:\iverilog\lib\ivl\v2009.vpi";
S_000001e5af48bbd0 .scope package, "$unit" "$unit" 2 1;
 .timescale 0 0;
S_000001e5af4d5ed0 .scope module, "sum1bcc_TB" "sum1bcc_TB" 3 3;
 .timescale -9 -9;
v000001e5af486b00_0 .var "c", 0 0;
v000001e5af51f850_0 .net "out", 0 0, L_000001e5af51fb70;  1 drivers
v000001e5af51f8f0_0 .var "x", 0 0;
v000001e5af51f990_0 .var "y", 0 0;
v000001e5af51fa30_0 .net "z", 0 0, L_000001e5af51fad0;  1 drivers
S_000001e5af4d6060 .scope begin, "TEST_CASE" "TEST_CASE" 3 29, 3 29 0, S_000001e5af4d5ed0;
 .timescale -9 -9;
S_000001e5af486790 .scope module, "uut" "sum1bcc" 3 12, 4 1 0, S_000001e5af4d5ed0;
 .timescale 0 0;
    .port_info 0 /INPUT 1 "A";
    .port_info 1 /INPUT 1 "B";
    .port_info 2 /INPUT 1 "Ci";
    .port_info 3 /OUTPUT 1 "Cout";
    .port_info 4 /OUTPUT 1 "S";
v000001e5af489740_0 .net "A", 0 0, v000001e5af51f8f0_0;  1 drivers
v000001e5af4d61f0_0 .net "B", 0 0, v000001e5af51f990_0;  1 drivers
v000001e5af4d6290_0 .net "Ci", 0 0, v000001e5af486b00_0;  1 drivers
v000001e5af486920_0 .net "Cout", 0 0, L_000001e5af51fb70;  alias, 1 drivers
v000001e5af4869c0_0 .net "S", 0 0, L_000001e5af51fad0;  alias, 1 drivers
v000001e5af486a60_0 .var "st", 1 0;
E_000001e5af4c50b0 .event anyedge, v000001e5af489740_0, v000001e5af4d61f0_0, v000001e5af4d6290_0;
L_000001e5af51fad0 .part v000001e5af486a60_0, 0, 1;
L_000001e5af51fb70 .part v000001e5af486a60_0, 1, 1;
    .scope S_000001e5af486790;
T_0 ;
    %wait E_000001e5af4c50b0;
    %load/vec4 v000001e5af489740_0;
    %pad/u 2;
    %load/vec4 v000001e5af4d61f0_0;
    %pad/u 2;
    %add;
    %load/vec4 v000001e5af4d6290_0;
    %pad/u 2;
    %add;
    %store/vec4 v000001e5af486a60_0, 0, 2;
    %jmp T_0;
    .thread T_0, $push;
    .scope S_000001e5af4d5ed0;
T_1 ;
    %pushi/vec4 0, 0, 1;
    %store/vec4 v000001e5af51f8f0_0, 0, 1;
    %pushi/vec4 0, 0, 1;
    %store/vec4 v000001e5af51f990_0, 0, 1;
    %pushi/vec4 0, 0, 1;
    %store/vec4 v000001e5af486b00_0, 0, 1;
    %delay 3, 0;
    %pushi/vec4 0, 0, 1;
    %store/vec4 v000001e5af51f8f0_0, 0, 1;
    %pushi/vec4 0, 0, 1;
    %store/vec4 v000001e5af51f990_0, 0, 1;
    %pushi/vec4 1, 0, 1;
    %store/vec4 v000001e5af486b00_0, 0, 1;
    %delay 3, 0;
    %pushi/vec4 0, 0, 1;
    %store/vec4 v000001e5af51f8f0_0, 0, 1;
    %pushi/vec4 1, 0, 1;
    %store/vec4 v000001e5af51f990_0, 0, 1;
    %pushi/vec4 0, 0, 1;
    %store/vec4 v000001e5af486b00_0, 0, 1;
    %delay 3, 0;
    %pushi/vec4 0, 0, 1;
    %store/vec4 v000001e5af51f8f0_0, 0, 1;
    %pushi/vec4 1, 0, 1;
    %store/vec4 v000001e5af51f990_0, 0, 1;
    %pushi/vec4 1, 0, 1;
    %store/vec4 v000001e5af486b00_0, 0, 1;
    %delay 3, 0;
    %pushi/vec4 1, 0, 1;
    %store/vec4 v000001e5af51f8f0_0, 0, 1;
    %pushi/vec4 0, 0, 1;
    %store/vec4 v000001e5af51f990_0, 0, 1;
    %pushi/vec4 0, 0, 1;
    %store/vec4 v000001e5af486b00_0, 0, 1;
    %delay 3, 0;
    %pushi/vec4 1, 0, 1;
    %store/vec4 v000001e5af51f8f0_0, 0, 1;
    %pushi/vec4 0, 0, 1;
    %store/vec4 v000001e5af51f990_0, 0, 1;
    %pushi/vec4 1, 0, 1;
    %store/vec4 v000001e5af486b00_0, 0, 1;
    %delay 3, 0;
    %pushi/vec4 1, 0, 1;
    %store/vec4 v000001e5af51f8f0_0, 0, 1;
    %pushi/vec4 1, 0, 1;
    %store/vec4 v000001e5af51f990_0, 0, 1;
    %pushi/vec4 0, 0, 1;
    %store/vec4 v000001e5af486b00_0, 0, 1;
    %delay 3, 0;
    %pushi/vec4 1, 0, 1;
    %store/vec4 v000001e5af51f8f0_0, 0, 1;
    %pushi/vec4 1, 0, 1;
    %store/vec4 v000001e5af51f990_0, 0, 1;
    %pushi/vec4 1, 0, 1;
    %store/vec4 v000001e5af486b00_0, 0, 1;
    %delay 3, 0;
    %end;
    .thread T_1;
    .scope S_000001e5af4d5ed0;
T_2 ;
    %fork t_1, S_000001e5af4d6060;
    %jmp t_0;
    .scope S_000001e5af4d6060;
t_1 ;
    %vpi_call/w 3 30 "$dumpfile", "sum1bcc_TB.vcd" {0 0 0};
    %vpi_call/w 3 31 "$dumpvars", 32'sb11111111111111111111111111111111, S_000001e5af486790 {0 0 0};
    %delay 200, 0;
    %vpi_call/w 3 32 "$finish" {0 0 0};
    %end;
    .scope S_000001e5af4d5ed0;
t_0 %join;
    %end;
    .thread T_2;
# The file index is used to find the file name in the following table.
:file_names 5;
    "N/A";
    "<interactive>";
    "-";
    "src\sum1bcc_TB.v";
    "./src/sum1bcc.v";
